...
E0629 21:03:30.800091    7855 buffer_comparator.cc:147] Difference at 9: 1.30371, expected 1.51992e-05
2026-06-29 21:03:30.800103: E external/xla/xla/service/gpu/autotuning/conv_algorithm_picker.cc:750] Results mismatch between different convolution algorithms. This is likely a bug/unexpected loss of precision in cudnn.
%cudnn-conv-bias-activation.3 = (f16[6,16,16,1]{3,2,1,0}, u8[0]{0}) custom-call(%multiply.450, %constant.90, %constant.167), window={size=1x1}, dim_labels=b01f_o01i->b01f, custom_call_target="__cudnn$convBiasActivationForward", metadata={op_name="jit(clf_predict_fn)/jit(main)/SophisticatedCNN128Plus/SpatialAttention_0/Conv_0/conv_general_dilated" source_file="/home/aobled/Desktop/Development/JAX_Detection/model_library.py" source_line=100}, backend_config={"operation_queue_id":"0","wait_on_operation_queues":[],"cudnn_conv_backend_config":{"conv_result_scale":1,"activation_mode":"kNone","side_input_scale":0,"leakyrelu_alpha":0},"force_earliest_schedule":false,"reification_cost":[]} for eng31{k2=15,k6=3,k13=1,k14=0,k22=0} vs eng4{k2=4,k4=1,k5=4,k6=3,k7=2}
2026-06-29 21:03:30.800114: E external/xla/xla/service/gpu/autotuning/conv_algorithm_picker.cc:320] Device: NVIDIA GeForce GTX 1660 Ti
2026-06-29 21:03:30.800118: E external/xla/xla/service/gpu/autotuning/conv_algorithm_picker.cc:321] Platform: Compute Capability 7.5
2026-06-29 21:03:30.800122: E external/xla/xla/service/gpu/autotuning/conv_algorithm_picker.cc:322] Driver: 13.0.0
2026-06-29 21:03:30.800127: E external/xla/xla/service/gpu/autotuning/conv_algorithm_picker.cc:323] Runtime: 12.8.0
2026-06-29 21:03:30.800132: E external/xla/xla/service/gpu/autotuning/conv_algorithm_picker.cc:328] cudnn version: 9.10.2
E0629 21:03:30.832863    7855 buffer_comparator.cc:147] Difference at 0: 1.30762, expected 1.51992e-05
E0629 21:03:30.832892    7855 buffer_comparator.cc:147] Difference at 1: 1.2959, expected 1.51992e-05
E0629 21:03:30.832902    7855 buffer_comparator.cc:147] Difference at 2: 1.30273, expected 1.51992e-05
E0629 21:03:30.832907    7855 buffer_comparator.cc:147] Difference at 3: 1.32129, expected 1.51992e-05
E0629 21:03:30.832912    7855 buffer_comparator.cc:147] Difference at 4: 1.37207, expected 1.51992e-05
E0629 21:03:30.832916    7855 buffer_comparator.cc:147] Difference at 5: 1.33887, expected 1.51992e-05
E0629 21:03:30.832921    7855 buffer_comparator.cc:147] Difference at 6: 1.32324, expected 1.51992e-05
E0629 21:03:30.832925    7855 buffer_comparator.cc:147] Difference at 7: 1.34961, expected 1.51992e-05
E0629 21:03:30.832929    7855 buffer_comparator.cc:147] Difference at 8: 1.37207, expected 1.51992e-05
E0629 21:03:30.832934    7855 buffer_comparator.cc:147] Difference at 9: 1.30371, expected 1.51992e-05
2026-06-29 21:03:30.832944: E external/xla/xla/service/gpu/autotuning/conv_algorithm_picker.cc:750] Results mismatch between different convolution algorithms. This is likely a bug/unexpected loss of precision in cudnn.
%cudnn-conv-bias-activation.3 = (f16[6,16,16,1]{3,2,1,0}, u8[0]{0}) custom-call(%multiply.450, %constant.90, %constant.167), window={size=1x1}, dim_labels=b01f_o01i->b01f, custom_call_target="__cudnn$convBiasActivationForward", metadata={op_name="jit(clf_predict_fn)/jit(main)/SophisticatedCNN128Plus/SpatialAttention_0/Conv_0/conv_general_dilated" source_file="/home/aobled/Desktop/Development/JAX_Detection/model_library.py" source_line=100}, backend_config={"operation_queue_id":"0","wait_on_operation_queues":[],"cudnn_conv_backend_config":{"conv_result_scale":1,"activation_mode":"kNone","side_input_scale":0,"leakyrelu_alpha":0},"force_earliest_schedule":false,"reification_cost":[]} for eng31{k2=15,k6=3,k13=1,k14=0,k22=0} vs eng4{k2=0,k4=1,k5=3,k6=3,k7=2}
2026-06-29 21:03:30.832956: E external/xla/xla/service/gpu/autotuning/conv_algorithm_picker.cc:320] Device: NVIDIA GeForce GTX 1660 Ti
2026-06-29 21:03:30.832960: E external/xla/xla/service/gpu/autotuning/conv_algorithm_picker.cc:321] Platform: Compute Capability 7.5
2026-06-29 21:03:30.832964: E external/xla/xla/service/gpu/autotuning/conv_algorithm_picker.cc:322] Driver: 13.0.0
2026-06-29 21:03:30.832968: E external/xla/xla/service/gpu/autotuning/conv_algorithm_picker.cc:323] Runtime: 12.8.0
2026-06-29 21:03:30.832972: E external/xla/xla/service/gpu/autotuning/conv_algorithm_picker.cc:328] cudnn version: 9.10.2
E0629 21:03:30.844728    7855 buffer_comparator.cc:147] Difference at 0: 1.30762, expected 1.51992e-05
E0629 21:03:30.844755    7855 buffer_comparator.cc:147] Difference at 1: 1.2959, expected 1.51992e-05
E0629 21:03:30.844763    7855 buffer_comparator.cc:147] Difference at 2: 1.30273, expected 1.51992e-05
E0629 21:03:30.844768    7855 buffer_comparator.cc:147] Difference at 3: 1.32129, expected 1.51992e-05
E0629 21:03:30.844773    7855 buffer_comparator.cc:147] Difference at 4: 1.37207, expected 1.51992e-05
E0629 21:03:30.844777    7855 buffer_comparator.cc:147] Difference at 5: 1.33887, expected 1.51992e-05
E0629 21:03:30.844782    7855 buffer_comparator.cc:147] Difference at 6: 1.32324, expected 1.51992e-05
E0629 21:03:30.844787    7855 buffer_comparator.cc:147] Difference at 7: 1.34961, expected 1.51992e-05
E0629 21:03:30.844792    7855 buffer_comparator.cc:147] Difference at 8: 1.37207, expected 1.51992e-05
E0629 21:03:30.844796    7855 buffer_comparator.cc:147] Difference at 9: 1.30371, expected 1.51992e-05
2026-06-29 21:03:30.844806: E external/xla/xla/service/gpu/autotuning/conv_algorithm_picker.cc:750] Results mismatch between different convolution algorithms. This is likely a bug/unexpected loss of precision in cudnn.
%cudnn-conv-bias-activation.3 = (f16[6,16,16,1]{3,2,1,0}, u8[0]{0}) custom-call(%multiply.450, %constant.90, %constant.167), window={size=1x1}, dim_labels=b01f_o01i->b01f, custom_call_target="__cudnn$convBiasActivationForward", metadata={op_name="jit(clf_predict_fn)/jit(main)/SophisticatedCNN128Plus/SpatialAttention_0/Conv_0/conv_general_dilated" source_file="/home/aobled/Desktop/Development/JAX_Detection/model_library.py" source_line=100}, backend_config={"operation_queue_id":"0","wait_on_operation_queues":[],"cudnn_conv_backend_config":{"conv_result_scale":1,"activation_mode":"kNone","side_input_scale":0,"leakyrelu_alpha":0},"force_earliest_schedule":false,"reification_cost":[]} for eng31{k2=15,k6=3,k13=1,k14=0,k22=0} vs eng4{k2=3,k4=2,k5=3,k6=3,k7=2}
2026-06-29 21:03:30.844827: E external/xla/xla/service/gpu/autotuning/conv_algorithm_picker.cc:320] Device: NVIDIA GeForce GTX 1660 Ti
2026-06-29 21:03:30.844831: E external/xla/xla/service/gpu/autotuning/conv_algorithm_picker.cc:321] Platform: Compute Capability 7.5
2026-06-29 21:03:30.844836: E external/xla/xla/service/gpu/autotuning/conv_algorithm_picker.cc:322] Driver: 13.0.0
2026-06-29 21:03:30.844840: E external/xla/xla/service/gpu/autotuning/conv_algorithm_picker.cc:323] Runtime: 12.8.0
2026-06-29 21:03:30.844846: E external/xla/xla/service/gpu/autotuning/conv_algorithm_picker.cc:328] cudnn version: 9.10.2
Traitement vidéo:  11%|█         | 64/599 [01:45<14:21,  1.61s/it]Pred Type  =  float32
Traitement vidéo:  16%|█▌        | 95/599 [01:45<09:21,  1.11s/it]